Mplus VERSION 8.10
MUTHEN & MUTHEN
12/30/2023  11:49 AM

INPUT INSTRUCTIONS

  TITLE: Model 5
  DATA: FILE = "mplus.dat";

  VARIABLE:
      NAMES = id day X Y P O;  ! variables names (in the order they appear in the data file)
      USEVARIABLES = X Y P O;  ! which variables to include in the analysis
      CLUSTER = id;            ! which variable indicates the clustering of the data
      LAGGED = X(1) Y(1);      ! create lagged versions of X and Y (lag 1)
      TINTERVAL = day(1);      ! which variable indicates the timing of observations
      BETWEEN   =   P O;
      MISSING=.;

  SAVEDATA:
      BPARAMETER = draws.dat;

  !DEFINE:    !STANDARDIZE(P);
              !STANDARDIZE(O);

  ANALYSIS:   TYPE = TWOLEVEL RANDOM;
                ESTIMATOR = BAYES;
                PROC=4;
                CHAINS=4;
                BITER = (3000);  ! run at least 5000 iterations (more if needed according to
                !BSEED = 020;
                THIN = 5;

  MODEL:
    %WITHIN%
      phi_X   | X ON X&1; ! autoregression X (lag 1)
      phi_Y   | Y ON Y&1; ! autoregression Y (lag 1)
      phi_XY  | Y on X&1; ! cross-lagged regression from X to Y (lag 1)
      beta_YX | X ON Y;   ! cross-regression from Y to X (lag 0)
      psi_X   | X;        ! random residual variance X
      psi_Y   | Y;        ! random residual variance Y


    %BETWEEN%
     ! regress all random effects on observed predictor
     X Y phi_X-psi_Y ON P;

    ! regress observed outcome on all random effects and observed predictor
    O ON P;
    O ON X Y phi_X-psi_Y;

  OUTPUT: TECH1 TECH8 STDYX FSCOMPARISON STAND(CLUSTER);


*** ERROR
  One or more variables have a variance greater than the maximum allowed of 1000000.
  Check your data and format statement or rescale the variable(s) using the DEFINE command.

    Continuous    Number of
     Variable   Observations    Variance

      O             5000          10.618
    **X             5000      **********
    **Y             5000      **********
    **X&1           4900      **********
    **Y&1           4900      **********
      P             5000           1.336



MUTHEN & MUTHEN
3463 Stoner Ave.
Los Angeles, CA  90066

Tel: (310) 391-9971
Fax: (310) 391-8971
Web: www.StatModel.com
Support: Support@StatModel.com

Copyright (c) 1998-2023 Muthen & Muthen
