Mplus VERSION 8.10
MUTHEN & MUTHEN
12/24/2023   4:08 PM

INPUT INSTRUCTIONS

  TITLE: Hamaker Model 1
  DATA: FILE = "mplus.dat";

  VARIABLE:
      NAMES = id day X Y;  ! variables names (in the order they appear in the data file)
      USEVARIABLES = X Y;      ! which variables to include in the analysis
      CLUSTER = id;            ! which variable indicates the clustering of the data
      LAGGED = X(1) Y(1);      ! create lagged versions of X and Y (lag 1)
      TINTERVAL = day(1);      ! which variable indicates the timing of observations
      MISSING=.;

  SAVEDATA:
      BPARAMETER = draws.dat;

  ANALYSIS:   TYPE = TWOLEVEL;
                ESTIMATOR = BAYES;
                PROC=4;
                CHAINS=4;
                BITER = (2000);  ! run at least 5000 iterations (more if needed according to
                BSEED = 020;
                THIN = 5;

  MODEL:
    %WITHIN%
    X ON X&1; ! autoregression X (lag 1)
    Y ON Y&1; ! autoregression Y (lag 1)
    Y on X&1; ! cross-lagged regression from X to Y (lag 1)
    X ON Y;   ! cross-regression from Y to X (lag 0)

    %BETWEEN%
      ! allow all random effects to be correlated
      X WITH Y;

    OUTPUT: TECH1 TECH8 STDYX FSCOMPARISON;



*** WARNING in OUTPUT command
  FSCOMPARISON is only available with TYPE=TWOLEVEL with ESTIMATOR=BAYES when
  factor scores are requested in the SAVEDATA or PLOT command.
  Request for FSCOMPARISON is ignored.
   1 WARNING(S) FOUND IN THE INPUT INSTRUCTIONS



Hamaker Model 1

SUMMARY OF ANALYSIS

Number of groups                                                 1
Number of observations                                        5000

Number of dependent variables                                    2
Number of independent variables                                  2
Number of continuous latent variables                            0

Observed dependent variables

  Continuous
   X           Y

Observed independent variables
   X&1         Y&1

Variables with special functions

  Cluster variable      ID

  Within variables
   X&1         Y&1


Estimator                                                    BAYES
Specifications for Bayesian Estimation
  Point estimate                                            MEDIAN
  Number of Markov chain Monte Carlo (MCMC) chains               4
  Random seed for the first chain                               20
  Starting value information                           UNPERTURBED
  Algorithm used for Markov chain Monte Carlo           GIBBS(PX1)
  Convergence criterion                                  0.500D-01
  Maximum number of iterations                               50000
  K-th iteration used for thinning                               5

Input data file(s)
  mplus.dat
Input data format  FREE


SUMMARY OF DATA

     Number of clusters                        100

       Size (s)    Cluster ID with Size s

         50        1 2 3 4 5 6 7 8 9 10 11 12 13 14 15 16 17 18 19 20 21
                   22 23 24 25 26 27 28 29 30 31 32 33 34 35 36 37 38 39
                   40 41 42 43 44 45 46 47 48 49 50 51 52 53 54 55 56 57
                   58 59 60 61 62 63 64 65 66 67 68 69 70 71 72 73 74 75
                   76 77 78 79 80 81 82 83 84 85 86 87 88 89 90 91 92 93
                   94 95 96 97 98 99 100



COVARIANCE COVERAGE OF DATA

Minimum covariance coverage value   0.100

     Number of missing data patterns             2


     PROPORTION OF DATA PRESENT


           Covariance Coverage
              X             Y
              ________      ________
 X              1.000
 Y              1.000         1.000



UNIVARIATE SAMPLE STATISTICS


     UNIVARIATE HIGHER-ORDER MOMENT DESCRIPTIVE STATISTICS

         Variable/         Mean/     Skewness/   Minimum/ % with                Percentiles
        Sample Size      Variance    Kurtosis    Maximum  Min/Max      20%/60%    40%/80%    Median

     X                     2.880      -0.048      -0.493    0.02%       1.819      2.589      2.928
            5000.000       1.526      -0.164       6.645    0.02%       3.267      3.861
     Y                     1.064      -0.555      -2.373    0.02%       0.450      0.935      1.135
            5000.000       0.671       0.517       3.276    0.02%       1.313      1.745


THE MODEL ESTIMATION TERMINATED NORMALLY

     USE THE FBITERATIONS OPTION TO INCREASE THE NUMBER OF ITERATIONS BY A FACTOR
     OF AT LEAST TWO TO CHECK CONVERGENCE AND THAT THE PSR VALUE DOES NOT INCREASE.



MODEL FIT INFORMATION

Number of Free Parameters                              11

Information Criteria

          Deviance (DIC)                        -1412.638
          Estimated Number of Parameters (pD)     220.390



MODEL RESULTS

                                Posterior  One-Tailed         95% C.I.
                    Estimate       S.D.      P-Value   Lower 2.5%  Upper 2.5%  Significance

Within Level

 X          ON
    X&1                0.210       0.014      0.000       0.184       0.237      *
    Y                  0.285       0.011      0.000       0.263       0.307      *

 Y          ON
    Y&1                0.280       0.015      0.000       0.251       0.310      *
    X&1                0.042       0.018      0.010       0.006       0.080      *

 Residual Variances
    X                  0.040       0.001      0.000       0.038       0.041      *
    Y                  0.062       0.001      0.000       0.060       0.065      *

Between Level

 X        WITH
    Y                 -0.101       0.106      0.154      -0.320       0.100

 Means
    X                  2.881       0.126      0.000       2.627       3.127      *
    Y                  1.064       0.081      0.000       0.897       1.220      *

 Variances
    X                  1.569       0.236      0.000       1.199       2.101      *
    Y                  0.639       0.096      0.000       0.488       0.860      *


STANDARDIZED MODEL RESULTS


STDYX Standardization

                                Posterior  One-Tailed         95% C.I.
                    Estimate       S.D.      P-Value   Lower 2.5%  Upper 2.5%  Significance
Within Level

 X          ON
    X&1                0.210       0.014      0.000       0.184       0.237      *
    Y                  0.339       0.012      0.000       0.315       0.363      *

 Y          ON
    Y&1                0.280       0.015      0.000       0.251       0.310      *
    X&1                0.036       0.015      0.010       0.005       0.067      *

 Residual Variances
    X                  0.821       0.011      0.000       0.798       0.842      *
    Y                  0.913       0.008      0.000       0.896       0.928      *

Between Level

 X        WITH
    Y                 -0.103       0.100      0.154      -0.295       0.099

 Means
    X                  2.304       0.195      0.000       1.922       2.681      *
    Y                  1.332       0.140      0.000       1.056       1.606      *

 Variances
    X                  1.000       0.000      0.000       1.000       1.000
    Y                  1.000       0.000      0.000       1.000       1.000


R-SQUARE

Within Level

                                Posterior  One-Tailed         95% C.I.
    Variable        Estimate       S.D.      P-Value   Lower 2.5%  Upper 2.5%

    X                  0.179       0.011      0.000       0.158       0.202
    Y                  0.087       0.008      0.000       0.072       0.104


TECHNICAL 1 OUTPUT


     PARAMETER SPECIFICATION FOR WITHIN


           NU
              X             Y             X&1           Y&1
              ________      ________      ________      ________
                    0             0             0             0


           LAMBDA
              X             Y             X&1           Y&1
              ________      ________      ________      ________
 X                  0             0             0             0
 Y                  0             0             0             0
 X&1                0             0             0             0
 Y&1                0             0             0             0


           THETA
              X             Y             X&1           Y&1
              ________      ________      ________      ________
 X                  0
 Y                  0             0
 X&1                0             0             0
 Y&1                0             0             0             0


           ALPHA
              X             Y             X&1           Y&1
              ________      ________      ________      ________
                    0             0             0             0


           BETA
              X             Y             X&1           Y&1
              ________      ________      ________      ________
 X                  0             1             2             0
 Y                  0             0             3             4
 X&1                0             0             0             0
 Y&1                0             0             0             0


           PSI
              X             Y             X&1           Y&1
              ________      ________      ________      ________
 X                  5
 Y                  0             6
 X&1                0             0             0
 Y&1                0             0             0             0


     PARAMETER SPECIFICATION FOR BETWEEN


           NU
              X             Y
              ________      ________
                    0             0


           LAMBDA
              X             Y
              ________      ________
 X                  0             0
 Y                  0             0


           THETA
              X             Y
              ________      ________
 X                  0
 Y                  0             0


           ALPHA
              X             Y
              ________      ________
                    7             8


           BETA
              X             Y
              ________      ________
 X                  0             0
 Y                  0             0


           PSI
              X             Y
              ________      ________
 X                  9
 Y                 10            11


     STARTING VALUES FOR WITHIN


           NU
              X             Y             X&1           Y&1
              ________      ________      ________      ________
                0.000         0.000         0.000         0.000


           LAMBDA
              X             Y             X&1           Y&1
              ________      ________      ________      ________
 X              1.000         0.000         0.000         0.000
 Y              0.000         1.000         0.000         0.000
 X&1            0.000         0.000         1.000         0.000
 Y&1            0.000         0.000         0.000         1.000


           THETA
              X             Y             X&1           Y&1
              ________      ________      ________      ________
 X              0.000
 Y              0.000         0.000
 X&1            0.000         0.000         0.000
 Y&1            0.000         0.000         0.000         0.000


           ALPHA
              X             Y             X&1           Y&1
              ________      ________      ________      ________
                0.000         0.000         0.000         0.000


           BETA
              X             Y             X&1           Y&1
              ________      ________      ________      ________
 X              0.000         0.000         0.000         0.000
 Y              0.000         0.000         0.000         0.000
 X&1            0.000         0.000         0.000         0.000
 Y&1            0.000         0.000         0.000         0.000


           PSI
              X             Y             X&1           Y&1
              ________      ________      ________      ________
 X              0.763
 Y              0.000         0.336
 X&1            0.000         0.000         0.763
 Y&1            0.000         0.000         0.000         0.337


     STARTING VALUES FOR BETWEEN


           NU
              X             Y
              ________      ________
                0.000         0.000


           LAMBDA
              X             Y
              ________      ________
 X              1.000         0.000
 Y              0.000         1.000


           THETA
              X             Y
              ________      ________
 X              0.000
 Y              0.000         0.000


           ALPHA
              X             Y
              ________      ________
                2.880         1.064


           BETA
              X             Y
              ________      ________
 X              0.000         0.000
 Y              0.000         0.000


           PSI
              X             Y
              ________      ________
 X              0.763
 Y              0.000         0.336



     PRIORS FOR ALL PARAMETERS            PRIOR MEAN      PRIOR VARIANCE     PRIOR STD. DEV.

     Parameter 1~N(0.000,infinity)           0.0000            infinity            infinity
     Parameter 2~N(0.000,infinity)           0.0000            infinity            infinity
     Parameter 3~N(0.000,infinity)           0.0000            infinity            infinity
     Parameter 4~N(0.000,infinity)           0.0000            infinity            infinity
     Parameter 5~IG(-1.000,0.000)          infinity            infinity            infinity
     Parameter 6~IG(-1.000,0.000)          infinity            infinity            infinity
     Parameter 7~N(0.000,infinity)           0.0000            infinity            infinity
     Parameter 8~N(0.000,infinity)           0.0000            infinity            infinity
     Parameter 9~IW(0.000,-3)              infinity            infinity            infinity
     Parameter 10~IW(0.000,-3)             infinity            infinity            infinity
     Parameter 11~IW(0.000,-3)             infinity            infinity            infinity


TECHNICAL 8 OUTPUT


   TECHNICAL 8 OUTPUT FOR BAYES ESTIMATION

     CHAIN    BSEED
     1        20
     2        20352
     3        125246
     4        176362

                     POTENTIAL       PARAMETER WITH
     ITERATION    SCALE REDUCTION      HIGHEST PSR
     100              1.016               9
     200              1.003               1
     300              1.009               4
     400              1.002               10
     500              1.003               11
     600              1.003               11
     700              1.002               4
     800              1.000               7
     900              1.000               3
     1000             1.000               2
     1100             1.001               2
     1200             1.001               2
     1300             1.000               2
     1400             1.001               10
     1500             1.001               4
     1600             1.001               10
     1700             1.001               10
     1800             1.001               9
     1900             1.000               10
     2000             1.000               10


SAVEDATA INFORMATION


  Bayesian Parameters

  Save file
    draws.dat
  Save format      Free

  Order of parameters saved

    Chain number
    Iteration number
    Parameter 1, %WITHIN%: X ON Y
    Parameter 2, %WITHIN%: X ON X&1
    Parameter 3, %WITHIN%: Y ON X&1
    Parameter 4, %WITHIN%: Y ON Y&1
    Parameter 5, %WITHIN%: X
    Parameter 6, %WITHIN%: Y
    Parameter 7, %BETWEEN%: [ X ]
    Parameter 8, %BETWEEN%: [ Y ]
    Parameter 9, %BETWEEN%: X
    Parameter 10, %BETWEEN%: Y WITH X
    Parameter 11, %BETWEEN%: Y
    STDYX, %WITHIN%: X ON Y
    STDYX, %WITHIN%: X ON X&1
    STDYX, %WITHIN%: Y ON X&1
    STDYX, %WITHIN%: Y ON Y&1
    STDYX, %WITHIN%: X
    STDYX, %WITHIN%: Y
    STDYX, %BETWEEN%: [ X ]
    STDYX, %BETWEEN%: [ Y ]
    STDYX, %BETWEEN%: X
    STDYX, %BETWEEN%: Y WITH X
    STDYX, %BETWEEN%: Y
    R-SQUARE, %WITHIN%: X
    R-SQUARE, %WITHIN%: Y
    R-SQUARE, %BETWEEN%: X
    R-SQUARE, %BETWEEN%: Y

     Beginning Time:  16:08:15
        Ending Time:  16:08:19
       Elapsed Time:  00:00:04



MUTHEN & MUTHEN
3463 Stoner Ave.
Los Angeles, CA  90066

Tel: (310) 391-9971
Fax: (310) 391-8971
Web: www.StatModel.com
Support: Support@StatModel.com

Copyright (c) 1998-2023 Muthen & Muthen
